<?xml version="1.0" encoding="UTF-8"?>
<testsuites name="reserve" time="44.556" tests="4" failures="1" errors="0">
   <testsuite name="reserve" tests="4" failures="1" errors="0" time="44.556" skipped="0" timestamp="21-03-2024T13:59:05" hostname="Michael - DESKTOP-CAK74HU" id="Test Suites/reserve">
      <properties>
         <property name="deviceName" value=""/>
         <property name="devicePlatform" value=""/>
         <property name="logFolder" value="C:\\Users\\Michael\\git\\katalon-automatization-test\\Reports\\20240321_135857\\reserve\\20240321_135857"/>
         <property name="logFiles" value="C:\\Users\\Michael\\git\\katalon-automatization-test\\Reports\\20240321_135857\\reserve\\20240321_135857\\execution0.log"/>
         <property name="attachments" value="C:\\Users\\Michael\\git\\katalon-automatization-test\\Reports\\20240321_135857\\reserve\\20240321_135857\\1711043959307.png, C:\\Users\\Michael\\git\\katalon-automatization-test\\Reports\\20240321_135857\\reserve\\20240321_135857\\1711043959401.png"/>
         <property name="hostName" value="Michael - DESKTOP-CAK74HU"/>
         <property name="os" value="Windows 11 64bit"/>
         <property name="katalonVersion" value="9.2.0.212"/>
         <property name="browser" value="Edge Chromium 122"/>
         <property name="hostAddress" value="192.168.56.1"/>
         <property name="sessionId" value="4694d82495a162438b752a6b55eaf16b"/>
         <property name="seleniumVersion" value="3.141.59"/>
         <property name="proxyInformation" value="ProxyInformation { proxyOption=NO_PROXY, proxyServerType=HTTP, username=, password=********, proxyServerAddress=, proxyServerPort=0, executionList=&quot;&quot;, isApplyToDesiredCapabilities=true }"/>
         <property name="platform" value="Windows 11"/>
      </properties>
      <testcase name="Test Cases/managereserve/managereserve01" time="13.559" classname="Test Cases/managereserve/managereserve01" status="FAILED">
         <failure type="FAILED" message="Test Cases/managereserve/managereserve01 FAILED.&#xa;Reason:&#xa;com.kms.katalon.core.exception.StepFailedException: Unable to verify object 'Object Repository/div_Reservation Created' is present&#xa;	at com.kms.katalon.core.webui.keyword.internal.WebUIKeywordMain.stepFailed(WebUIKeywordMain.groovy:64)&#xa;	at com.kms.katalon.core.webui.keyword.internal.WebUIKeywordMain.runKeyword(WebUIKeywordMain.groovy:26)&#xa;	at com.kms.katalon.core.webui.keyword.builtin.VerifyElementPresentKeyword.verifyElementPresent(VerifyElementPresentKeyword.groovy:92)&#xa;	at com.kms.katalon.core.webui.keyword.builtin.VerifyElementPresentKeyword.execute(VerifyElementPresentKeyword.groovy:68)&#xa;	at com.kms.katalon.core.keyword.internal.KeywordExecutor.executeKeywordForPlatform(KeywordExecutor.groovy:74)&#xa;	at com.kms.katalon.core.webui.keyword.WebUiBuiltInKeywords.verifyElementPresent(WebUiBuiltInKeywords.groovy:1503)&#xa;	at managereserve01.run(managereserve01:45)&#xa;	at com.kms.katalon.core.main.ScriptEngine.run(ScriptEngine.java:194)&#xa;	at com.kms.katalon.core.main.ScriptEngine.runScriptAsRawText(ScriptEngine.java:119)&#xa;	at com.kms.katalon.core.main.TestCaseExecutor.runScript(TestCaseExecutor.java:448)&#xa;	at com.kms.katalon.core.main.TestCaseExecutor.doExecute(TestCaseExecutor.java:439)&#xa;	at com.kms.katalon.core.main.TestCaseExecutor.processExecutionPhase(TestCaseExecutor.java:418)&#xa;	at com.kms.katalon.core.main.TestCaseExecutor.accessMainPhase(TestCaseExecutor.java:410)&#xa;	at com.kms.katalon.core.main.TestCaseExecutor.execute(TestCaseExecutor.java:285)&#xa;	at com.kms.katalon.core.common.CommonExecutor.accessTestCaseMainPhase(CommonExecutor.java:65)&#xa;	at com.kms.katalon.core.main.TestSuiteExecutor.accessTestSuiteMainPhase(TestSuiteExecutor.java:148)&#xa;	at com.kms.katalon.core.main.TestSuiteExecutor.execute(TestSuiteExecutor.java:106)&#xa;	at com.kms.katalon.core.main.TestCaseMain.startTestSuite(TestCaseMain.java:180)&#xa;	at TempTestSuite1711043937778.run(TempTestSuite1711043937778.groovy:36)&#xa;	at java.base/jdk.internal.reflect.NativeMethodAccessorImpl.invoke0(Native Method)&#xa;	at java.base/jdk.internal.reflect.NativeMethodAccessorImpl.invoke(NativeMethodAccessorImpl.java:77)&#xa;	at java.base/jdk.internal.reflect.DelegatingMethodAccessorImpl.invoke(DelegatingMethodAccessorImpl.java:43)&#xa;Caused by: com.kms.katalon.core.exception.StepFailedException: com.kms.katalon.core.webui.exception.WebElementNotFoundException: Web element with id: 'Object Repository/div_Reservation Created' located by '//div[@id='1']' not found&#xa;	at com.kms.katalon.core.webui.keyword.internal.WebUIKeywordMain.stepFailed(WebUIKeywordMain.groovy:64)&#xa;	at com.kms.katalon.core.webui.keyword.builtin.VerifyElementPresentKeyword$_verifyElementPresent_closure1.doCall(VerifyElementPresentKeyword.groovy:85)&#xa;	at com.kms.katalon.core.webui.keyword.builtin.VerifyElementPresentKeyword$_verifyElementPresent_closure1.call(VerifyElementPresentKeyword.groovy)&#xa;	at com.kms.katalon.core.webui.keyword.internal.WebUIKeywordMain.runKeyword(WebUIKeywordMain.groovy:20)&#xa;	... 20 more&#xa;"/>
         <system-out><![CDATA[21-03-2024T13:59:05 - [TEST_CASE][FAILED] - Test Cases/managereserve/managereserve01: Test Cases/managereserve/managereserve01 FAILED.
Reason:
com.kms.katalon.core.exception.StepFailedException: Unable to verify object 'Object Repository/div_Reservation Created' is present
	at com.kms.katalon.core.webui.keyword.internal.WebUIKeywordMain.stepFailed(WebUIKeywordMain.groovy:64)
	at com.kms.katalon.core.webui.keyword.internal.WebUIKeywordMain.runKeyword(WebUIKeywordMain.groovy:26)
	at com.kms.katalon.core.webui.keyword.builtin.VerifyElementPresentKeyword.verifyElementPresent(VerifyElementPresentKeyword.groovy:92)
	at com.kms.katalon.core.webui.keyword.builtin.VerifyElementPresentKeyword.execute(VerifyElementPresentKeyword.groovy:68)
	at com.kms.katalon.core.keyword.internal.KeywordExecutor.executeKeywordForPlatform(KeywordExecutor.groovy:74)
	at com.kms.katalon.core.webui.keyword.WebUiBuiltInKeywords.verifyElementPresent(WebUiBuiltInKeywords.groovy:1503)
	at managereserve01.run(managereserve01:45)
	at com.kms.katalon.core.main.ScriptEngine.run(ScriptEngine.java:194)
	at com.kms.katalon.core.main.ScriptEngine.runScriptAsRawText(ScriptEngine.java:119)
	at com.kms.katalon.core.main.TestCaseExecutor.runScript(TestCaseExecutor.java:448)
	at com.kms.katalon.core.main.TestCaseExecutor.doExecute(TestCaseExecutor.java:439)
	at com.kms.katalon.core.main.TestCaseExecutor.processExecutionPhase(TestCaseExecutor.java:418)
	at com.kms.katalon.core.main.TestCaseExecutor.accessMainPhase(TestCaseExecutor.java:410)
	at com.kms.katalon.core.main.TestCaseExecutor.execute(TestCaseExecutor.java:285)
	at com.kms.katalon.core.common.CommonExecutor.accessTestCaseMainPhase(CommonExecutor.java:65)
	at com.kms.katalon.core.main.TestSuiteExecutor.accessTestSuiteMainPhase(TestSuiteExecutor.java:148)
	at com.kms.katalon.core.main.TestSuiteExecutor.execute(TestSuiteExecutor.java:106)
	at com.kms.katalon.core.main.TestCaseMain.startTestSuite(TestCaseMain.java:180)
	at TempTestSuite1711043937778.run(TempTestSuite1711043937778.groovy:36)
	at java.base/jdk.internal.reflect.NativeMethodAccessorImpl.invoke0(Native Method)
	at java.base/jdk.internal.reflect.NativeMethodAccessorImpl.invoke(NativeMethodAccessorImpl.java:77)
	at java.base/jdk.internal.reflect.DelegatingMethodAccessorImpl.invoke(DelegatingMethodAccessorImpl.java:43)
Caused by: com.kms.katalon.core.exception.StepFailedException: com.kms.katalon.core.webui.exception.WebElementNotFoundException: Web element with id: 'Object Repository/div_Reservation Created' located by '//div[@id='1']' not found
	at com.kms.katalon.core.webui.keyword.internal.WebUIKeywordMain.stepFailed(WebUIKeywordMain.groovy:64)
	at com.kms.katalon.core.webui.keyword.builtin.VerifyElementPresentKeyword$_verifyElementPresent_closure1.doCall(VerifyElementPresentKeyword.groovy:85)
	at com.kms.katalon.core.webui.keyword.builtin.VerifyElementPresentKeyword$_verifyElementPresent_closure1.call(VerifyElementPresentKeyword.groovy)
	at com.kms.katalon.core.webui.keyword.internal.WebUIKeywordMain.runKeyword(WebUIKeywordMain.groovy:20)
	... 20 more


21-03-2024T13:59:06 - [TEST_STEP][PASSED] - openBrowser(""): Browser is opened with url: ''

21-03-2024T13:59:06 - [MESSAGE][INFO] - Starting 'Edge Chromium' driver

21-03-2024T13:59:08 - [MESSAGE][INFO] - Action delay is set to 0 milliseconds

21-03-2024T13:59:09 - [MESSAGE][PASSED] - Browser is opened with url: ''

21-03-2024T13:59:09 - [TEST_STEP][PASSED] - navigateToUrl("http://localhost:3000/"): Navigate to 'http://localhost:3000/' successfully

21-03-2024T13:59:09 - [MESSAGE][PASSED] - Navigate to 'http://localhost:3000/' successfully

21-03-2024T13:59:09 - [TEST_STEP][PASSED] - click(findTestObject("Object Repository/button_Log In")): Object: 'Object Repository/button_Log In' is clicked on

21-03-2024T13:59:10 - [MESSAGE][PASSED] - Object: 'Object Repository/button_Log In' is clicked on

21-03-2024T13:59:10 - [TEST_STEP][PASSED] - setText(findTestObject("Object Repository/input_User Name_username"), "gege"): Text 'gege' is set on object 'Object Repository/input_User Name_username'

21-03-2024T13:59:11 - [MESSAGE][PASSED] - Text 'gege' is set on object 'Object Repository/input_User Name_username'

21-03-2024T13:59:11 - [TEST_STEP][PASSED] - setEncryptedText(findTestObject("Object Repository/input_Password_password"), "tzH6RvlfSTg="): Text ****** has been set on object 'Object Repository/input_Password_password'

21-03-2024T13:59:11 - [MESSAGE][PASSED] - Text ****** has been set on object 'Object Repository/input_Password_password'

21-03-2024T13:59:11 - [TEST_STEP][PASSED] - click(findTestObject("Object Repository/button_Log In")): Object: 'Object Repository/button_Log In' is clicked on

21-03-2024T13:59:12 - [MESSAGE][PASSED] - Object: 'Object Repository/button_Log In' is clicked on

21-03-2024T13:59:12 - [TEST_STEP][PASSED] - verifyElementPresent(findTestObject("SeeIfloged"), 1): Object 'Object Repository/SeeIfloged' is present

21-03-2024T13:59:13 - [MESSAGE][PASSED] - Object 'Object Repository/SeeIfloged' is present

21-03-2024T13:59:13 - [TEST_STEP][PASSED] - click(findTestObject("Object Repository/a_Add Reservation")): Object: 'Object Repository/a_Add Reservation' is clicked on

21-03-2024T13:59:13 - [MESSAGE][PASSED] - Object: 'Object Repository/a_Add Reservation' is clicked on

21-03-2024T13:59:13 - [TEST_STEP][PASSED] - setText(findTestObject("Object Repository/input_Date_date"), fecha): Text '3240020250300pm' is set on object 'Object Repository/input_Date_date'

21-03-2024T13:59:14 - [MESSAGE][PASSED] - Text '3240020250300pm' is set on object 'Object Repository/input_Date_date'

21-03-2024T13:59:14 - [TEST_STEP][PASSED] - selectOptionByValue(findTestObject("Object Repository/select_Select OneMilano"), restaurante, true): All options with value '65e7e96a252eb9de416d5e0f' are selected in object 'Object Repository/select_Select OneMilano'  using regular expression

21-03-2024T13:59:15 - [MESSAGE][PASSED] - All options with value '65e7e96a252eb9de416d5e0f' are selected in object 'Object Repository/select_Select OneMilano'  using regular expression

21-03-2024T13:59:15 - [TEST_STEP][PASSED] - selectOptionByValue(findTestObject("select_Select OneOrder 1 - Capacity 1Order 2 - Capacity 2Order 3 - Capacity 3Order 4 - Capacity 4"), mesa, true): All options with value '65ef4ddb5d4dbe4ab7d923d3' are selected in object 'Object Repository/select_Select OneOrder 1 - Capacity 1Order 2 - Capacity 2Order 3 - Capacity 3Order 4 - Capacity 4'  using regular expression

21-03-2024T13:59:16 - [MESSAGE][PASSED] - All options with value '65ef4ddb5d4dbe4ab7d923d3' are selected in object 'Object Repository/select_Select OneOrder 1 - Capacity 1Order 2 - Capacity 2Order 3 - Capacity 3Order 4 - Capacity 4'  using regular expression

21-03-2024T13:59:16 - [TEST_STEP][PASSED] - click(findTestObject("Object Repository/button_Create Reservation")): Object: 'Object Repository/button_Create Reservation' is clicked on

21-03-2024T13:59:17 - [MESSAGE][PASSED] - Object: 'Object Repository/button_Create Reservation' is clicked on

21-03-2024T13:59:17 - [TEST_STEP][FAILED] - verifyElementPresent(findTestObject("Object Repository/div_Reservation Created"), 1): Unable to verify object 'Object Repository/div_Reservation Created' is present (Root cause: com.kms.katalon.core.exception.StepFailedException: Unable to verify object 'Object Repository/div_Reservation Created' is present
	at com.kms.katalon.core.webui.keyword.internal.WebUIKeywordMain.stepFailed(WebUIKeywordMain.groovy:64)
	at com.kms.katalon.core.webui.keyword.internal.WebUIKeywordMain.runKeyword(WebUIKeywordMain.groovy:26)
	at com.kms.katalon.core.webui.keyword.builtin.VerifyElementPresentKeyword.verifyElementPresent(VerifyElementPresentKeyword.groovy:92)
	at com.kms.katalon.core.webui.keyword.builtin.VerifyElementPresentKeyword.execute(VerifyElementPresentKeyword.groovy:68)
	at com.kms.katalon.core.keyword.internal.KeywordExecutor.executeKeywordForPlatform(KeywordExecutor.groovy:74)
	at com.kms.katalon.core.webui.keyword.WebUiBuiltInKeywords.verifyElementPresent(WebUiBuiltInKeywords.groovy:1503)
	at managereserve01.run(managereserve01:45)
	at com.kms.katalon.core.main.ScriptEngine.run(ScriptEngine.java:194)
	at com.kms.katalon.core.main.ScriptEngine.runScriptAsRawText(ScriptEngine.java:119)
	at com.kms.katalon.core.main.TestCaseExecutor.runScript(TestCaseExecutor.java:448)
	at com.kms.katalon.core.main.TestCaseExecutor.doExecute(TestCaseExecutor.java:439)
	at com.kms.katalon.core.main.TestCaseExecutor.processExecutionPhase(TestCaseExecutor.java:418)
	at com.kms.katalon.core.main.TestCaseExecutor.accessMainPhase(TestCaseExecutor.java:410)
	at com.kms.katalon.core.main.TestCaseExecutor.execute(TestCaseExecutor.java:285)
	at com.kms.katalon.core.common.CommonExecutor.accessTestCaseMainPhase(CommonExecutor.java:65)
	at com.kms.katalon.core.main.TestSuiteExecutor.accessTestSuiteMainPhase(TestSuiteExecutor.java:148)
	at com.kms.katalon.core.main.TestSuiteExecutor.execute(TestSuiteExecutor.java:106)
	at com.kms.katalon.core.main.TestCaseMain.startTestSuite(TestCaseMain.java:180)
	at TempTestSuite1711043937778.run(TempTestSuite1711043937778.groovy:36)
	at java.base/jdk.internal.reflect.NativeMethodAccessorImpl.invoke0(Native Method)
	at java.base/jdk.internal.reflect.NativeMethodAccessorImpl.invoke(NativeMethodAccessorImpl.java:77)
	at java.base/jdk.internal.reflect.DelegatingMethodAccessorImpl.invoke(DelegatingMethodAccessorImpl.java:43)
Caused by: com.kms.katalon.core.exception.StepFailedException: com.kms.katalon.core.webui.exception.WebElementNotFoundException: Web element with id: 'Object Repository/div_Reservation Created' located by '//div[@id='1']' not found
	at com.kms.katalon.core.webui.keyword.internal.WebUIKeywordMain.stepFailed(WebUIKeywordMain.groovy:64)
	at com.kms.katalon.core.webui.keyword.builtin.VerifyElementPresentKeyword$_verifyElementPresent_closure1.doCall(VerifyElementPresentKeyword.groovy:85)
	at com.kms.katalon.core.webui.keyword.builtin.VerifyElementPresentKeyword$_verifyElementPresent_closure1.call(VerifyElementPresentKeyword.groovy)
	at com.kms.katalon.core.webui.keyword.internal.WebUIKeywordMain.runKeyword(WebUIKeywordMain.groovy:20)
	... 20 more
)

21-03-2024T13:59:19 - [MESSAGE][INFO] - Unable to find the element located by 'By.xpath: //div[@id='1']'. Please recheck the objects properties to make sure the desired element is located. 

21-03-2024T13:59:19 - [MESSAGE][FAILED] - com.kms.katalon.core.webui.exception.WebElementNotFoundException: Web element with id: 'Object Repository/div_Reservation Created' located by '//div[@id='1']' not found (Root cause: com.kms.katalon.core.exception.StepFailedException: com.kms.katalon.core.webui.exception.WebElementNotFoundException: Web element with id: 'Object Repository/div_Reservation Created' located by '//div[@id='1']' not found
	at com.kms.katalon.core.webui.keyword.internal.WebUIKeywordMain.stepFailed(WebUIKeywordMain.groovy:64)
	at com.kms.katalon.core.webui.keyword.builtin.VerifyElementPresentKeyword$_verifyElementPresent_closure1.doCall(VerifyElementPresentKeyword.groovy:85)
	at com.kms.katalon.core.webui.keyword.builtin.VerifyElementPresentKeyword$_verifyElementPresent_closure1.call(VerifyElementPresentKeyword.groovy)
	at com.kms.katalon.core.webui.keyword.internal.WebUIKeywordMain.runKeyword(WebUIKeywordMain.groovy:20)
	at com.kms.katalon.core.webui.keyword.builtin.VerifyElementPresentKeyword.verifyElementPresent(VerifyElementPresentKeyword.groovy:92)
	at com.kms.katalon.core.webui.keyword.builtin.VerifyElementPresentKeyword.execute(VerifyElementPresentKeyword.groovy:68)
	at com.kms.katalon.core.keyword.internal.KeywordExecutor.executeKeywordForPlatform(KeywordExecutor.groovy:74)
	at com.kms.katalon.core.webui.keyword.WebUiBuiltInKeywords.verifyElementPresent(WebUiBuiltInKeywords.groovy:1503)
	at managereserve01.run(managereserve01:45)
	at com.kms.katalon.core.main.ScriptEngine.run(ScriptEngine.java:194)
	at com.kms.katalon.core.main.ScriptEngine.runScriptAsRawText(ScriptEngine.java:119)
	at com.kms.katalon.core.main.TestCaseExecutor.runScript(TestCaseExecutor.java:448)
	at com.kms.katalon.core.main.TestCaseExecutor.doExecute(TestCaseExecutor.java:439)
	at com.kms.katalon.core.main.TestCaseExecutor.processExecutionPhase(TestCaseExecutor.java:418)
	at com.kms.katalon.core.main.TestCaseExecutor.accessMainPhase(TestCaseExecutor.java:410)
	at com.kms.katalon.core.main.TestCaseExecutor.execute(TestCaseExecutor.java:285)
	at com.kms.katalon.core.common.CommonExecutor.accessTestCaseMainPhase(CommonExecutor.java:65)
	at com.kms.katalon.core.main.TestSuiteExecutor.accessTestSuiteMainPhase(TestSuiteExecutor.java:148)
	at com.kms.katalon.core.main.TestSuiteExecutor.execute(TestSuiteExecutor.java:106)
	at com.kms.katalon.core.main.TestCaseMain.startTestSuite(TestCaseMain.java:180)
	at TempTestSuite1711043937778.run(TempTestSuite1711043937778.groovy:36)
	at java.base/jdk.internal.reflect.NativeMethodAccessorImpl.invoke0(Native Method)
	at java.base/jdk.internal.reflect.NativeMethodAccessorImpl.invoke(NativeMethodAccessorImpl.java:77)
	at java.base/jdk.internal.reflect.DelegatingMethodAccessorImpl.invoke(DelegatingMethodAccessorImpl.java:43)
)
[[ATTACHMENT|C:\\Users\\Michael\\git\\katalon-automatization-test\\Reports\\20240321_135857\\reserve\\20240321_135857\\1711043959307.png]]

21-03-2024T13:59:19 - [MESSAGE][FAILED] - Unable to verify object 'Object Repository/div_Reservation Created' is present (Root cause: com.kms.katalon.core.exception.StepFailedException: Unable to verify object 'Object Repository/div_Reservation Created' is present
	at com.kms.katalon.core.webui.keyword.internal.WebUIKeywordMain.stepFailed(WebUIKeywordMain.groovy:64)
	at com.kms.katalon.core.webui.keyword.internal.WebUIKeywordMain.runKeyword(WebUIKeywordMain.groovy:26)
	at com.kms.katalon.core.webui.keyword.builtin.VerifyElementPresentKeyword.verifyElementPresent(VerifyElementPresentKeyword.groovy:92)
	at com.kms.katalon.core.webui.keyword.builtin.VerifyElementPresentKeyword.execute(VerifyElementPresentKeyword.groovy:68)
	at com.kms.katalon.core.keyword.internal.KeywordExecutor.executeKeywordForPlatform(KeywordExecutor.groovy:74)
	at com.kms.katalon.core.webui.keyword.WebUiBuiltInKeywords.verifyElementPresent(WebUiBuiltInKeywords.groovy:1503)
	at managereserve01.run(managereserve01:45)
	at com.kms.katalon.core.main.ScriptEngine.run(ScriptEngine.java:194)
	at com.kms.katalon.core.main.ScriptEngine.runScriptAsRawText(ScriptEngine.java:119)
	at com.kms.katalon.core.main.TestCaseExecutor.runScript(TestCaseExecutor.java:448)
	at com.kms.katalon.core.main.TestCaseExecutor.doExecute(TestCaseExecutor.java:439)
	at com.kms.katalon.core.main.TestCaseExecutor.processExecutionPhase(TestCaseExecutor.java:418)
	at com.kms.katalon.core.main.TestCaseExecutor.accessMainPhase(TestCaseExecutor.java:410)
	at com.kms.katalon.core.main.TestCaseExecutor.execute(TestCaseExecutor.java:285)
	at com.kms.katalon.core.common.CommonExecutor.accessTestCaseMainPhase(CommonExecutor.java:65)
	at com.kms.katalon.core.main.TestSuiteExecutor.accessTestSuiteMainPhase(TestSuiteExecutor.java:148)
	at com.kms.katalon.core.main.TestSuiteExecutor.execute(TestSuiteExecutor.java:106)
	at com.kms.katalon.core.main.TestCaseMain.startTestSuite(TestCaseMain.java:180)
	at TempTestSuite1711043937778.run(TempTestSuite1711043937778.groovy:36)
	at java.base/jdk.internal.reflect.NativeMethodAccessorImpl.invoke0(Native Method)
	at java.base/jdk.internal.reflect.NativeMethodAccessorImpl.invoke(NativeMethodAccessorImpl.java:77)
	at java.base/jdk.internal.reflect.DelegatingMethodAccessorImpl.invoke(DelegatingMethodAccessorImpl.java:43)
Caused by: com.kms.katalon.core.exception.StepFailedException: com.kms.katalon.core.webui.exception.WebElementNotFoundException: Web element with id: 'Object Repository/div_Reservation Created' located by '//div[@id='1']' not found
	at com.kms.katalon.core.webui.keyword.internal.WebUIKeywordMain.stepFailed(WebUIKeywordMain.groovy:64)
	at com.kms.katalon.core.webui.keyword.builtin.VerifyElementPresentKeyword$_verifyElementPresent_closure1.doCall(VerifyElementPresentKeyword.groovy:85)
	at com.kms.katalon.core.webui.keyword.builtin.VerifyElementPresentKeyword$_verifyElementPresent_closure1.call(VerifyElementPresentKeyword.groovy)
	at com.kms.katalon.core.webui.keyword.internal.WebUIKeywordMain.runKeyword(WebUIKeywordMain.groovy:20)
	... 20 more
)
[[ATTACHMENT|C:\\Users\\Michael\\git\\katalon-automatization-test\\Reports\\20240321_135857\\reserve\\20240321_135857\\1711043959401.png]]]]></system-out>
         <system-err><![CDATA[21-03-2024T13:59:05 - [TEST_CASE][FAILED] - Test Cases/managereserve/managereserve01: Test Cases/managereserve/managereserve01 FAILED.
Reason:
com.kms.katalon.core.exception.StepFailedException: Unable to verify object 'Object Repository/div_Reservation Created' is present
	at com.kms.katalon.core.webui.keyword.internal.WebUIKeywordMain.stepFailed(WebUIKeywordMain.groovy:64)
	at com.kms.katalon.core.webui.keyword.internal.WebUIKeywordMain.runKeyword(WebUIKeywordMain.groovy:26)
	at com.kms.katalon.core.webui.keyword.builtin.VerifyElementPresentKeyword.verifyElementPresent(VerifyElementPresentKeyword.groovy:92)
	at com.kms.katalon.core.webui.keyword.builtin.VerifyElementPresentKeyword.execute(VerifyElementPresentKeyword.groovy:68)
	at com.kms.katalon.core.keyword.internal.KeywordExecutor.executeKeywordForPlatform(KeywordExecutor.groovy:74)
	at com.kms.katalon.core.webui.keyword.WebUiBuiltInKeywords.verifyElementPresent(WebUiBuiltInKeywords.groovy:1503)
	at managereserve01.run(managereserve01:45)
	at com.kms.katalon.core.main.ScriptEngine.run(ScriptEngine.java:194)
	at com.kms.katalon.core.main.ScriptEngine.runScriptAsRawText(ScriptEngine.java:119)
	at com.kms.katalon.core.main.TestCaseExecutor.runScript(TestCaseExecutor.java:448)
	at com.kms.katalon.core.main.TestCaseExecutor.doExecute(TestCaseExecutor.java:439)
	at com.kms.katalon.core.main.TestCaseExecutor.processExecutionPhase(TestCaseExecutor.java:418)
	at com.kms.katalon.core.main.TestCaseExecutor.accessMainPhase(TestCaseExecutor.java:410)
	at com.kms.katalon.core.main.TestCaseExecutor.execute(TestCaseExecutor.java:285)
	at com.kms.katalon.core.common.CommonExecutor.accessTestCaseMainPhase(CommonExecutor.java:65)
	at com.kms.katalon.core.main.TestSuiteExecutor.accessTestSuiteMainPhase(TestSuiteExecutor.java:148)
	at com.kms.katalon.core.main.TestSuiteExecutor.execute(TestSuiteExecutor.java:106)
	at com.kms.katalon.core.main.TestCaseMain.startTestSuite(TestCaseMain.java:180)
	at TempTestSuite1711043937778.run(TempTestSuite1711043937778.groovy:36)
	at java.base/jdk.internal.reflect.NativeMethodAccessorImpl.invoke0(Native Method)
	at java.base/jdk.internal.reflect.NativeMethodAccessorImpl.invoke(NativeMethodAccessorImpl.java:77)
	at java.base/jdk.internal.reflect.DelegatingMethodAccessorImpl.invoke(DelegatingMethodAccessorImpl.java:43)
Caused by: com.kms.katalon.core.exception.StepFailedException: com.kms.katalon.core.webui.exception.WebElementNotFoundException: Web element with id: 'Object Repository/div_Reservation Created' located by '//div[@id='1']' not found
	at com.kms.katalon.core.webui.keyword.internal.WebUIKeywordMain.stepFailed(WebUIKeywordMain.groovy:64)
	at com.kms.katalon.core.webui.keyword.builtin.VerifyElementPresentKeyword$_verifyElementPresent_closure1.doCall(VerifyElementPresentKeyword.groovy:85)
	at com.kms.katalon.core.webui.keyword.builtin.VerifyElementPresentKeyword$_verifyElementPresent_closure1.call(VerifyElementPresentKeyword.groovy)
	at com.kms.katalon.core.webui.keyword.internal.WebUIKeywordMain.runKeyword(WebUIKeywordMain.groovy:20)
	... 20 more]]></system-err>
      </testcase>
      <testcase name="Test Cases/managereserve/managereserve01" time="11.227" classname="Test Cases/managereserve/managereserve01" status="PASSED">
         <system-out><![CDATA[21-03-2024T13:59:19 - [TEST_CASE][PASSED] - Test Cases/managereserve/managereserve01: Test Cases/managereserve/managereserve01

21-03-2024T13:59:19 - [TEST_STEP][PASSED] - openBrowser(""): Browser is opened with url: ''

21-03-2024T13:59:19 - [MESSAGE][WARNING] - A browser is already opened. Closing browser and opening a new one

21-03-2024T13:59:19 - [MESSAGE][INFO] - Starting 'Edge Chromium' driver

21-03-2024T13:59:21 - [MESSAGE][INFO] - Action delay is set to 0 milliseconds

21-03-2024T13:59:22 - [MESSAGE][PASSED] - Browser is opened with url: ''

21-03-2024T13:59:22 - [TEST_STEP][PASSED] - navigateToUrl("http://localhost:3000/"): Navigate to 'http://localhost:3000/' successfully

21-03-2024T13:59:22 - [MESSAGE][PASSED] - Navigate to 'http://localhost:3000/' successfully

21-03-2024T13:59:22 - [TEST_STEP][PASSED] - click(findTestObject("Object Repository/button_Log In")): Object: 'Object Repository/button_Log In' is clicked on

21-03-2024T13:59:23 - [MESSAGE][PASSED] - Object: 'Object Repository/button_Log In' is clicked on

21-03-2024T13:59:23 - [TEST_STEP][PASSED] - setText(findTestObject("Object Repository/input_User Name_username"), "gege"): Text 'gege' is set on object 'Object Repository/input_User Name_username'

21-03-2024T13:59:24 - [MESSAGE][PASSED] - Text 'gege' is set on object 'Object Repository/input_User Name_username'

21-03-2024T13:59:24 - [TEST_STEP][PASSED] - setEncryptedText(findTestObject("Object Repository/input_Password_password"), "tzH6RvlfSTg="): Text ****** has been set on object 'Object Repository/input_Password_password'

21-03-2024T13:59:24 - [MESSAGE][PASSED] - Text ****** has been set on object 'Object Repository/input_Password_password'

21-03-2024T13:59:24 - [TEST_STEP][PASSED] - click(findTestObject("Object Repository/button_Log In")): Object: 'Object Repository/button_Log In' is clicked on

21-03-2024T13:59:24 - [MESSAGE][PASSED] - Object: 'Object Repository/button_Log In' is clicked on

21-03-2024T13:59:24 - [TEST_STEP][PASSED] - verifyElementPresent(findTestObject("SeeIfloged"), 1): Object 'Object Repository/SeeIfloged' is present

21-03-2024T13:59:26 - [MESSAGE][PASSED] - Object 'Object Repository/SeeIfloged' is present

21-03-2024T13:59:26 - [TEST_STEP][PASSED] - click(findTestObject("Object Repository/a_Add Reservation")): Object: 'Object Repository/a_Add Reservation' is clicked on

21-03-2024T13:59:26 - [MESSAGE][PASSED] - Object: 'Object Repository/a_Add Reservation' is clicked on

21-03-2024T13:59:26 - [TEST_STEP][PASSED] - setText(findTestObject("Object Repository/input_Date_date"), fecha): Text '3240020240300am' is set on object 'Object Repository/input_Date_date'

21-03-2024T13:59:27 - [MESSAGE][PASSED] - Text '3240020240300am' is set on object 'Object Repository/input_Date_date'

21-03-2024T13:59:27 - [TEST_STEP][PASSED] - selectOptionByValue(findTestObject("Object Repository/select_Select OneMilano"), restaurante, true): All options with value '65e7e96a252eb9de416d5e0f' are selected in object 'Object Repository/select_Select OneMilano'  using regular expression

21-03-2024T13:59:28 - [MESSAGE][PASSED] - All options with value '65e7e96a252eb9de416d5e0f' are selected in object 'Object Repository/select_Select OneMilano'  using regular expression

21-03-2024T13:59:28 - [TEST_STEP][PASSED] - selectOptionByValue(findTestObject("select_Select OneOrder 1 - Capacity 1Order 2 - Capacity 2Order 3 - Capacity 3Order 4 - Capacity 4"), mesa, true): All options with value '65e9ff79ed34ef946ee4367e' are selected in object 'Object Repository/select_Select OneOrder 1 - Capacity 1Order 2 - Capacity 2Order 3 - Capacity 3Order 4 - Capacity 4'  using regular expression

21-03-2024T13:59:29 - [MESSAGE][PASSED] - All options with value '65e9ff79ed34ef946ee4367e' are selected in object 'Object Repository/select_Select OneOrder 1 - Capacity 1Order 2 - Capacity 2Order 3 - Capacity 3Order 4 - Capacity 4'  using regular expression

21-03-2024T13:59:29 - [TEST_STEP][PASSED] - click(findTestObject("Object Repository/button_Create Reservation")): Object: 'Object Repository/button_Create Reservation' is clicked on

21-03-2024T13:59:29 - [MESSAGE][PASSED] - Object: 'Object Repository/button_Create Reservation' is clicked on

21-03-2024T13:59:29 - [TEST_STEP][PASSED] - verifyElementPresent(findTestObject("Object Repository/div_Reservation Created"), 1): Object 'Object Repository/div_Reservation Created' is present

21-03-2024T13:59:30 - [MESSAGE][PASSED] - Object 'Object Repository/div_Reservation Created' is present]]></system-out>
         <system-err><![CDATA[]]></system-err>
      </testcase>
      <testcase name="Test Cases/managereserve/managereserve01" time="11.315" classname="Test Cases/managereserve/managereserve01" status="PASSED">
         <system-out><![CDATA[21-03-2024T13:59:30 - [TEST_CASE][PASSED] - Test Cases/managereserve/managereserve01: Test Cases/managereserve/managereserve01

21-03-2024T13:59:30 - [TEST_STEP][PASSED] - openBrowser(""): Browser is opened with url: ''

21-03-2024T13:59:30 - [MESSAGE][WARNING] - A browser is already opened. Closing browser and opening a new one

21-03-2024T13:59:30 - [MESSAGE][INFO] - Starting 'Edge Chromium' driver

21-03-2024T13:59:32 - [MESSAGE][INFO] - Action delay is set to 0 milliseconds

21-03-2024T13:59:33 - [MESSAGE][PASSED] - Browser is opened with url: ''

21-03-2024T13:59:33 - [TEST_STEP][PASSED] - navigateToUrl("http://localhost:3000/"): Navigate to 'http://localhost:3000/' successfully

21-03-2024T13:59:33 - [MESSAGE][PASSED] - Navigate to 'http://localhost:3000/' successfully

21-03-2024T13:59:33 - [TEST_STEP][PASSED] - click(findTestObject("Object Repository/button_Log In")): Object: 'Object Repository/button_Log In' is clicked on

21-03-2024T13:59:34 - [MESSAGE][PASSED] - Object: 'Object Repository/button_Log In' is clicked on

21-03-2024T13:59:34 - [TEST_STEP][PASSED] - setText(findTestObject("Object Repository/input_User Name_username"), "gege"): Text 'gege' is set on object 'Object Repository/input_User Name_username'

21-03-2024T13:59:35 - [MESSAGE][PASSED] - Text 'gege' is set on object 'Object Repository/input_User Name_username'

21-03-2024T13:59:35 - [TEST_STEP][PASSED] - setEncryptedText(findTestObject("Object Repository/input_Password_password"), "tzH6RvlfSTg="): Text ****** has been set on object 'Object Repository/input_Password_password'

21-03-2024T13:59:35 - [MESSAGE][PASSED] - Text ****** has been set on object 'Object Repository/input_Password_password'

21-03-2024T13:59:35 - [TEST_STEP][PASSED] - click(findTestObject("Object Repository/button_Log In")): Object: 'Object Repository/button_Log In' is clicked on

21-03-2024T13:59:36 - [MESSAGE][PASSED] - Object: 'Object Repository/button_Log In' is clicked on

21-03-2024T13:59:36 - [TEST_STEP][PASSED] - verifyElementPresent(findTestObject("SeeIfloged"), 1): Object 'Object Repository/SeeIfloged' is present

21-03-2024T13:59:37 - [MESSAGE][PASSED] - Object 'Object Repository/SeeIfloged' is present

21-03-2024T13:59:37 - [TEST_STEP][PASSED] - click(findTestObject("Object Repository/a_Add Reservation")): Object: 'Object Repository/a_Add Reservation' is clicked on

21-03-2024T13:59:37 - [MESSAGE][PASSED] - Object: 'Object Repository/a_Add Reservation' is clicked on

21-03-2024T13:59:37 - [TEST_STEP][PASSED] - setText(findTestObject("Object Repository/input_Date_date"), fecha): Text '3240020250300am' is set on object 'Object Repository/input_Date_date'

21-03-2024T13:59:38 - [MESSAGE][PASSED] - Text '3240020250300am' is set on object 'Object Repository/input_Date_date'

21-03-2024T13:59:38 - [TEST_STEP][PASSED] - selectOptionByValue(findTestObject("Object Repository/select_Select OneMilano"), restaurante, true): All options with value '65e7e96a252eb9de416d5e0f' are selected in object 'Object Repository/select_Select OneMilano'  using regular expression

21-03-2024T13:59:39 - [MESSAGE][PASSED] - All options with value '65e7e96a252eb9de416d5e0f' are selected in object 'Object Repository/select_Select OneMilano'  using regular expression

21-03-2024T13:59:39 - [TEST_STEP][PASSED] - selectOptionByValue(findTestObject("select_Select OneOrder 1 - Capacity 1Order 2 - Capacity 2Order 3 - Capacity 3Order 4 - Capacity 4"), mesa, true): All options with value '65ef898913a42241eb7ab83b' are selected in object 'Object Repository/select_Select OneOrder 1 - Capacity 1Order 2 - Capacity 2Order 3 - Capacity 3Order 4 - Capacity 4'  using regular expression

21-03-2024T13:59:40 - [MESSAGE][PASSED] - All options with value '65ef898913a42241eb7ab83b' are selected in object 'Object Repository/select_Select OneOrder 1 - Capacity 1Order 2 - Capacity 2Order 3 - Capacity 3Order 4 - Capacity 4'  using regular expression

21-03-2024T13:59:40 - [TEST_STEP][PASSED] - click(findTestObject("Object Repository/button_Create Reservation")): Object: 'Object Repository/button_Create Reservation' is clicked on

21-03-2024T13:59:41 - [MESSAGE][PASSED] - Object: 'Object Repository/button_Create Reservation' is clicked on

21-03-2024T13:59:41 - [TEST_STEP][PASSED] - verifyElementPresent(findTestObject("Object Repository/div_Reservation Created"), 1): Object 'Object Repository/div_Reservation Created' is present

21-03-2024T13:59:42 - [MESSAGE][PASSED] - Object 'Object Repository/div_Reservation Created' is present]]></system-out>
         <system-err><![CDATA[]]></system-err>
      </testcase>
      <testcase name="Test Cases/managereserve/reservecancelation01" time="8.213" classname="Test Cases/managereserve/reservecancelation01" status="PASSED">
         <system-out><![CDATA[21-03-2024T13:59:42 - [TEST_CASE][PASSED] - Test Cases/managereserve/reservecancelation01: Test Cases/managereserve/reservecancelation01

21-03-2024T13:59:42 - [TEST_STEP][PASSED] - openBrowser(""): Browser is opened with url: ''

21-03-2024T13:59:42 - [MESSAGE][WARNING] - A browser is already opened. Closing browser and opening a new one

21-03-2024T13:59:42 - [MESSAGE][INFO] - Starting 'Edge Chromium' driver

21-03-2024T13:59:44 - [MESSAGE][INFO] - Action delay is set to 0 milliseconds

21-03-2024T13:59:44 - [MESSAGE][PASSED] - Browser is opened with url: ''

21-03-2024T13:59:44 - [TEST_STEP][PASSED] - navigateToUrl("http://localhost:3000/"): Navigate to 'http://localhost:3000/' successfully

21-03-2024T13:59:45 - [MESSAGE][PASSED] - Navigate to 'http://localhost:3000/' successfully

21-03-2024T13:59:45 - [TEST_STEP][PASSED] - click(findTestObject("Object Repository/button_LOG IN")): Object: 'Object Repository/button_LOG IN' is clicked on

21-03-2024T13:59:45 - [MESSAGE][PASSED] - Object: 'Object Repository/button_LOG IN' is clicked on

21-03-2024T13:59:45 - [TEST_STEP][PASSED] - setText(findTestObject("Object Repository/input_User Name_userName"), "gege"): Text 'gege' is set on object 'Object Repository/input_User Name_userName'

21-03-2024T13:59:46 - [MESSAGE][PASSED] - Text 'gege' is set on object 'Object Repository/input_User Name_userName'

21-03-2024T13:59:46 - [TEST_STEP][PASSED] - setEncryptedText(findTestObject("Object Repository/input_Password_password"), "tzH6RvlfSTg="): Text ****** has been set on object 'Object Repository/input_Password_password'

21-03-2024T13:59:47 - [MESSAGE][PASSED] - Text ****** has been set on object 'Object Repository/input_Password_password'

21-03-2024T13:59:47 - [TEST_STEP][PASSED] - click(findTestObject("Object Repository/button_LOG IN")): Object: 'Object Repository/button_LOG IN' is clicked on

21-03-2024T13:59:47 - [MESSAGE][PASSED] - Object: 'Object Repository/button_LOG IN' is clicked on

21-03-2024T13:59:47 - [TEST_STEP][PASSED] - click(findTestObject("Object Repository/button_CANCEL")): Object: 'Object Repository/button_CANCEL' is clicked on

21-03-2024T13:59:48 - [MESSAGE][PASSED] - Object: 'Object Repository/button_CANCEL' is clicked on

21-03-2024T13:59:48 - [TEST_STEP][PASSED] - verifyElementPresent(findTestObject("div_Status Updated"), 1): Object 'Object Repository/div_Status Updated' is present

21-03-2024T13:59:50 - [MESSAGE][PASSED] - Object 'Object Repository/div_Status Updated' is present

21-03-2024T13:59:50 - [TEST_STEP][PASSED] - closeBrowser(): Browser is closed

21-03-2024T13:59:50 - [MESSAGE][PASSED] - Browser is closed]]></system-out>
         <system-err><![CDATA[]]></system-err>
      </testcase>
      <system-out><![CDATA[21-03-2024T13:59:05 - [TEST_SUITE][FAILED] - reserve: Test Cases/managereserve/managereserve01 FAILED.
Reason:
com.kms.katalon.core.exception.StepFailedException: Unable to verify object 'Object Repository/div_Reservation Created' is present
	at com.kms.katalon.core.webui.keyword.internal.WebUIKeywordMain.stepFailed(WebUIKeywordMain.groovy:64)
	at com.kms.katalon.core.webui.keyword.internal.WebUIKeywordMain.runKeyword(WebUIKeywordMain.groovy:26)
	at com.kms.katalon.core.webui.keyword.builtin.VerifyElementPresentKeyword.verifyElementPresent(VerifyElementPresentKeyword.groovy:92)
	at com.kms.katalon.core.webui.keyword.builtin.VerifyElementPresentKeyword.execute(VerifyElementPresentKeyword.groovy:68)
	at com.kms.katalon.core.keyword.internal.KeywordExecutor.executeKeywordForPlatform(KeywordExecutor.groovy:74)
	at com.kms.katalon.core.webui.keyword.WebUiBuiltInKeywords.verifyElementPresent(WebUiBuiltInKeywords.groovy:1503)
	at managereserve01.run(managereserve01:45)
	at com.kms.katalon.core.main.ScriptEngine.run(ScriptEngine.java:194)
	at com.kms.katalon.core.main.ScriptEngine.runScriptAsRawText(ScriptEngine.java:119)
	at com.kms.katalon.core.main.TestCaseExecutor.runScript(TestCaseExecutor.java:448)
	at com.kms.katalon.core.main.TestCaseExecutor.doExecute(TestCaseExecutor.java:439)
	at com.kms.katalon.core.main.TestCaseExecutor.processExecutionPhase(TestCaseExecutor.java:418)
	at com.kms.katalon.core.main.TestCaseExecutor.accessMainPhase(TestCaseExecutor.java:410)
	at com.kms.katalon.core.main.TestCaseExecutor.execute(TestCaseExecutor.java:285)
	at com.kms.katalon.core.common.CommonExecutor.accessTestCaseMainPhase(CommonExecutor.java:65)
	at com.kms.katalon.core.main.TestSuiteExecutor.accessTestSuiteMainPhase(TestSuiteExecutor.java:148)
	at com.kms.katalon.core.main.TestSuiteExecutor.execute(TestSuiteExecutor.java:106)
	at com.kms.katalon.core.main.TestCaseMain.startTestSuite(TestCaseMain.java:180)
	at TempTestSuite1711043937778.run(TempTestSuite1711043937778.groovy:36)
	at java.base/jdk.internal.reflect.NativeMethodAccessorImpl.invoke0(Native Method)
	at java.base/jdk.internal.reflect.NativeMethodAccessorImpl.invoke(NativeMethodAccessorImpl.java:77)
	at java.base/jdk.internal.reflect.DelegatingMethodAccessorImpl.invoke(DelegatingMethodAccessorImpl.java:43)
Caused by: com.kms.katalon.core.exception.StepFailedException: com.kms.katalon.core.webui.exception.WebElementNotFoundException: Web element with id: 'Object Repository/div_Reservation Created' located by '//div[@id='1']' not found
	at com.kms.katalon.core.webui.keyword.internal.WebUIKeywordMain.stepFailed(WebUIKeywordMain.groovy:64)
	at com.kms.katalon.core.webui.keyword.builtin.VerifyElementPresentKeyword$_verifyElementPresent_closure1.doCall(VerifyElementPresentKeyword.groovy:85)
	at com.kms.katalon.core.webui.keyword.builtin.VerifyElementPresentKeyword$_verifyElementPresent_closure1.call(VerifyElementPresentKeyword.groovy)
	at com.kms.katalon.core.webui.keyword.internal.WebUIKeywordMain.runKeyword(WebUIKeywordMain.groovy:20)
	... 20 more]]></system-out>
      <system-err><![CDATA[21-03-2024T13:59:05 - [TEST_SUITE][FAILED] - reserve: Test Cases/managereserve/managereserve01 FAILED.
Reason:
com.kms.katalon.core.exception.StepFailedException: Unable to verify object 'Object Repository/div_Reservation Created' is present
	at com.kms.katalon.core.webui.keyword.internal.WebUIKeywordMain.stepFailed(WebUIKeywordMain.groovy:64)
	at com.kms.katalon.core.webui.keyword.internal.WebUIKeywordMain.runKeyword(WebUIKeywordMain.groovy:26)
	at com.kms.katalon.core.webui.keyword.builtin.VerifyElementPresentKeyword.verifyElementPresent(VerifyElementPresentKeyword.groovy:92)
	at com.kms.katalon.core.webui.keyword.builtin.VerifyElementPresentKeyword.execute(VerifyElementPresentKeyword.groovy:68)
	at com.kms.katalon.core.keyword.internal.KeywordExecutor.executeKeywordForPlatform(KeywordExecutor.groovy:74)
	at com.kms.katalon.core.webui.keyword.WebUiBuiltInKeywords.verifyElementPresent(WebUiBuiltInKeywords.groovy:1503)
	at managereserve01.run(managereserve01:45)
	at com.kms.katalon.core.main.ScriptEngine.run(ScriptEngine.java:194)
	at com.kms.katalon.core.main.ScriptEngine.runScriptAsRawText(ScriptEngine.java:119)
	at com.kms.katalon.core.main.TestCaseExecutor.runScript(TestCaseExecutor.java:448)
	at com.kms.katalon.core.main.TestCaseExecutor.doExecute(TestCaseExecutor.java:439)
	at com.kms.katalon.core.main.TestCaseExecutor.processExecutionPhase(TestCaseExecutor.java:418)
	at com.kms.katalon.core.main.TestCaseExecutor.accessMainPhase(TestCaseExecutor.java:410)
	at com.kms.katalon.core.main.TestCaseExecutor.execute(TestCaseExecutor.java:285)
	at com.kms.katalon.core.common.CommonExecutor.accessTestCaseMainPhase(CommonExecutor.java:65)
	at com.kms.katalon.core.main.TestSuiteExecutor.accessTestSuiteMainPhase(TestSuiteExecutor.java:148)
	at com.kms.katalon.core.main.TestSuiteExecutor.execute(TestSuiteExecutor.java:106)
	at com.kms.katalon.core.main.TestCaseMain.startTestSuite(TestCaseMain.java:180)
	at TempTestSuite1711043937778.run(TempTestSuite1711043937778.groovy:36)
	at java.base/jdk.internal.reflect.NativeMethodAccessorImpl.invoke0(Native Method)
	at java.base/jdk.internal.reflect.NativeMethodAccessorImpl.invoke(NativeMethodAccessorImpl.java:77)
	at java.base/jdk.internal.reflect.DelegatingMethodAccessorImpl.invoke(DelegatingMethodAccessorImpl.java:43)
Caused by: com.kms.katalon.core.exception.StepFailedException: com.kms.katalon.core.webui.exception.WebElementNotFoundException: Web element with id: 'Object Repository/div_Reservation Created' located by '//div[@id='1']' not found
	at com.kms.katalon.core.webui.keyword.internal.WebUIKeywordMain.stepFailed(WebUIKeywordMain.groovy:64)
	at com.kms.katalon.core.webui.keyword.builtin.VerifyElementPresentKeyword$_verifyElementPresent_closure1.doCall(VerifyElementPresentKeyword.groovy:85)
	at com.kms.katalon.core.webui.keyword.builtin.VerifyElementPresentKeyword$_verifyElementPresent_closure1.call(VerifyElementPresentKeyword.groovy)
	at com.kms.katalon.core.webui.keyword.internal.WebUIKeywordMain.runKeyword(WebUIKeywordMain.groovy:20)
	... 20 more]]></system-err>
   </testsuite>
</testsuites>
